--------------- Build Started: 03/22/2023 13:26:58 Project: clcd_063proto_210114, Configuration: ARM GCC 5.4-2016-q2-update Debug ---------------
cydsfit.exe -.appdatapath "C:\Users\19253\AppData\Local\Cypress Semiconductor\PSoC Creator\4.4" -.fdsnotice -.fdswarpdepfile=warp_dependencies.txt -.fdselabdepfile=elab_dependencies.txt -.fdsbldfile=generated_files.txt -.fdsreffile=referenced_files.txt -p C:\Users\19253\Downloads\clcd_063proto_210114.cyprj.Archive01\clcd_063proto_210114.cydsn\clcd_063proto_210114.cyprj -d CYBLE-416045-02 -s C:\Users\19253\Downloads\clcd_063proto_210114.cyprj.Archive01\clcd_063proto_210114.cydsn\Generated_Source\PSoC6 -- -yv2 -q10 -ygs -o2 -v3 -.fftcfgtype=LE
Elaborating Design...
ADD: fit.M0052: information: Interrupt "tty_rx_int" is currently mapped to multiple cores on the device.
 * C:\Users\19253\Downloads\clcd_063proto_210114.cyprj.Archive01\clcd_063proto_210114.cydsn\clcd_063proto_210114.cydwr (tty_rx_int)
HDL Generation...
Synthesis...
Tech Mapping...
ADD: pft.M0040: information: The following 2 pin(s) will be assigned a location by the fitter: \UART_1:rx(0)\, \UART_1:tx(0)\
Info: plm.M0038: The pin named CY_SRSS_PMIC_WAKEUP_OUT(0) at location P0[5] prevents usage of special purposes: SRSS[0].ext_clk. (App=cydsfit)
Info: plm.M0038: The pin named CY_SRSS_PMIC_WAKEUP_OUT(0) at location P0[5] prevents usage of special purposes: SCB[0].uart_cts. (App=cydsfit)
Info: plm.M0038: The pin named CY_SRSS_PMIC_WAKEUP_OUT(0) at location P0[5] prevents usage of special purposes: SCB[0].spi_select[0]. (App=cydsfit)
Info: plm.M0038: The pin named CY_SRSS_PMIC_WAKEUP_OUT(0) at location P0[5] prevents usage of special purposes: SRSS[0].pmic_wakeup_out. (App=cydsfit)
Info: plm.M0038: The pin named CY_CPUSS_SWJ_SWCLK_TCLK(0) at location P6[7] prevents usage of special purposes: SCB[6].uart_cts. (App=cydsfit)
Info: plm.M0038: The pin named CY_CPUSS_SWJ_SWCLK_TCLK(0) at location P6[7] prevents usage of special purposes: SCB[6].spi_select[0]. (App=cydsfit)
Info: plm.M0038: The pin named CY_CPUSS_SWJ_SWCLK_TCLK(0) at location P6[7] prevents usage of special purposes: SCB[8].spi_select[0]. (App=cydsfit)
Info: plm.M0038: The pin named CY_CPUSS_SWJ_SWCLK_TCLK(0) at location P6[7] prevents usage of special purposes: SRSS[0].swd_clk. (App=cydsfit)
Info: plm.M0038: The pin named CY_CPUSS_SWJ_SWDIO_TMS(0) at location P6[6] prevents usage of special purposes: SCB[6].uart_rts. (App=cydsfit)
Info: plm.M0038: The pin named CY_CPUSS_SWJ_SWDIO_TMS(0) at location P6[6] prevents usage of special purposes: SCB[6].spi_clk. (App=cydsfit)
Info: plm.M0038: The pin named CY_CPUSS_SWJ_SWDIO_TMS(0) at location P6[6] prevents usage of special purposes: SCB[8].spi_clk. (App=cydsfit)
Info: plm.M0038: The pin named CY_CPUSS_SWJ_SWDIO_TMS(0) at location P6[6] prevents usage of special purposes: SRSS[0].swd_data. (App=cydsfit)
Analog Placement...
Analog Routing...
Analog Code Generation...
Digital Placement...
Digital Routing...
Bitstream Generation...
Bitstream Verification...
Static timing analysis...
API Generation...
Dependency Generation...
Cleanup...
The compile step is up to date, no work needs to be done.
The link step is up to date, no work needs to be done.
arm-none-eabi-gcc.exe -mcpu=cortex-m4 -mfloat-abi=softfp -mfpu=fpv4-sp-d16 -mthumb -I. -I.\sources -I.\sources\clcd -I.\sources\tty -I.\sources\func_list -I. -IGenerated_Source\PSoC6 -IGenerated_Source\PSoC6\pdl\cmsis/include/ -IGenerated_Source\PSoC6\pdl\devices/psoc6/include/ -IGenerated_Source\PSoC6\pdl\devices/psoc6/include/ip/ -IGenerated_Source\PSoC6\pdl\drivers/peripheral/ -IGenerated_Source\PSoC6\pdl\drivers/peripheral/device/ -IGenerated_Source\PSoC6\pdl\drivers/peripheral/efuse/ -IGenerated_Source\PSoC6\pdl\drivers/peripheral/flash/ -IGenerated_Source\PSoC6\pdl\drivers/peripheral/gpio/ -IGenerated_Source\PSoC6\pdl\drivers/peripheral/ipc/ -IGenerated_Source\PSoC6\pdl\drivers/peripheral/lvd/ -IGenerated_Source\PSoC6\pdl\drivers/peripheral/profile/ -IGenerated_Source\PSoC6\pdl\drivers/peripheral/prot/ -IGenerated_Source\PSoC6\pdl\drivers/peripheral/sar/ -IGenerated_Source\PSoC6\pdl\drivers/peripheral/scb/ -IGenerated_Source\PSoC6\pdl\drivers/peripheral/sysanalog/ -IGenerated_Source\PSoC6\pdl\drivers/peripheral/sysclk/ -IGenerated_Source\PSoC6\pdl\drivers/peripheral/sysint/ -IGenerated_Source\PSoC6\pdl\drivers/peripheral/syslib/ -IGenerated_Source\PSoC6\pdl\drivers/peripheral/syspm/ -IGenerated_Source\PSoC6\pdl\drivers/peripheral/systick/ -IGenerated_Source\PSoC6\pdl\drivers/peripheral/trigmux/ -IGenerated_Source\PSoC6\pdl\drivers/peripheral/wdt/ -IGenerated_Source\PSoC6\pdl\middleware/ -IGenerated_Source\PSoC6\pdl\utilities/ -Wa,-alh=.\CortexM4\ARM_GCC_541\Debug/main_cm4.lst -g -D DEBUG -D CY_CORE_ID=0 -D CY_PSOC_CREATOR_USED=1 -D CYBLE_416045_02 -Wall -ffunction-sections -ffat-lto-objects -Og -c main_cm4.c -o .\CortexM4\ARM_GCC_541\Debug\main_cm4.o
main_cm4.c: In function 'main':
main_cm4.c:47:10: warning: unused variable 'buffer2' [-Wunused-variable]
     char buffer2[5];
          ^
main_cm4.c:44:13: warning: unused variable 'data' [-Wunused-variable]
     uint8_t data ;
             ^
arm-none-eabi-gcc.exe -Wl,--start-group -o C:\Users\19253\Downloads\clcd_063proto_210114.cyprj.Archive01\clcd_063proto_210114.cydsn\CortexM4\ARM_GCC_541\Debug\clcd_063proto_210114_link.elf .\CortexM4\ARM_GCC_541\Debug\startup_psoc6_01_cm4.o .\CortexM4\ARM_GCC_541\Debug\main_cm4.o .\CortexM4\ARM_GCC_541\Debug\system_psoc6_cm4.o .\CortexM4\ARM_GCC_541\Debug\stdio_user.o .\CortexM4\ARM_GCC_541\Debug\tty_utils.o .\CortexM4\ARM_GCC_541\Debug\clcd.o .\CortexM4\ARM_GCC_541\Debug\func_list.o .\CortexM4\ARM_GCC_541\Debug\cyfitter_sysint_cfg.o .\CortexM4\ARM_GCC_541\Debug\cymetadata.o .\CortexM4\ARM_GCC_541\Debug\UART.o .\CortexM4\ARM_GCC_541\Debug\cy_efuse.o .\CortexM4\ARM_GCC_541\Debug\cy_flash.o .\CortexM4\ARM_GCC_541\Debug\cy_gpio.o .\CortexM4\ARM_GCC_541\Debug\cy_ipc_drv.o .\CortexM4\ARM_GCC_541\Debug\cy_ipc_sema.o .\CortexM4\ARM_GCC_541\Debug\cy_ipc_pipe.o .\CortexM4\ARM_GCC_541\Debug\cy_lvd.o .\CortexM4\ARM_GCC_541\Debug\cy_profile.o .\CortexM4\ARM_GCC_541\Debug\cy_prot.o .\CortexM4\ARM_GCC_541\Debug\cy_scb_common.o .\CortexM4\ARM_GCC_541\Debug\cy_scb_i2c.o .\CortexM4\ARM_GCC_541\Debug\cy_scb_ezi2c.o .\CortexM4\ARM_GCC_541\Debug\cy_scb_spi.o .\CortexM4\ARM_GCC_541\Debug\cy_scb_uart.o .\CortexM4\ARM_GCC_541\Debug\cy_sysanalog.o .\CortexM4\ARM_GCC_541\Debug\cy_sysclk.o .\CortexM4\ARM_GCC_541\Debug\cy_sysint.o .\CortexM4\ARM_GCC_541\Debug\cy_syslib.o .\CortexM4\ARM_GCC_541\Debug\cy_syslib_gcc.o .\CortexM4\ARM_GCC_541\Debug\cy_syspm.o .\CortexM4\ARM_GCC_541\Debug\cy_systick.o .\CortexM4\ARM_GCC_541\Debug\cy_trigmux.o .\CortexM4\ARM_GCC_541\Debug\cy_wdt.o .\CortexM4\ARM_GCC_541\Debug\cy_device.o .\CortexM4\ARM_GCC_541\Debug\cy_sar.o .\CortexM4\ARM_GCC_541\Debug\cy_ble_clk.o .\CortexM4\ARM_GCC_541\Debug\retarget.o .\CortexM4\ARM_GCC_541\Debug\ADC.o .\CortexM4\ARM_GCC_541\Debug\ADC_INT.o .\CortexM4\ARM_GCC_541\Debug\ADC_INIT.o .\CortexM4\ARM_GCC_541\Debug\ADC_PM.o .\CortexM4\ARM_GCC_541\Debug\UART_1.o -mcpu=cortex-m4 -mfloat-abi=softfp -mfpu=fpv4-sp-d16 -mthumb -L Generated_Source\PSoC6 -Wl,-Map,.\CortexM4\ARM_GCC_541\Debug/clcd_063proto_210114.map -T cy8c6xx7_cm4_dual.ld -specs=nano.specs -Wl,--gc-sections -g -ffunction-sections -Og -ffat-lto-objects -Wl,--end-group
"C:\Program Files (x86)\Cypress\PDL\3.1.5\tools\win\elf\cymcuelftool.exe" --sign C:\Users\19253\Downloads\clcd_063proto_210114.cyprj.Archive01\clcd_063proto_210114.cydsn\CortexM4\ARM_GCC_541\Debug\clcd_063proto_210114_link.elf --output C:\Users\19253\Downloads\clcd_063proto_210114.cyprj.Archive01\clcd_063proto_210114.cydsn\CortexM4\ARM_GCC_541\Debug\clcd_063proto_210114_signed.elf --hex C:\Users\19253\Downloads\clcd_063proto_210114.cyprj.Archive01\clcd_063proto_210114.cydsn\CortexM4\ARM_GCC_541\Debug\clcd_063proto_210114_signed.hex
No ELF section .cychecksum found, creating one
Application checksum calculated and stored in ELF section .cychecksum
Checksum calculated and stored in ELF section .cymeta
"C:\Program Files (x86)\Cypress\PDL\3.1.5\tools\win\elf\cymcuelftool.exe" --merge C:\Users\19253\Downloads\clcd_063proto_210114.cyprj.Archive01\clcd_063proto_210114.cydsn\CortexM4\ARM_GCC_541\Debug\clcd_063proto_210114_signed.elf C:\Users\19253\Downloads\clcd_063proto_210114.cyprj.Archive01\clcd_063proto_210114.cydsn\CortexM0p\ARM_GCC_541\Debug\clcd_063proto_210114.elf --output C:\Users\19253\Downloads\clcd_063proto_210114.cyprj.Archive01\clcd_063proto_210114.cydsn\CortexM4\ARM_GCC_541\Debug\clcd_063proto_210114.elf --hex C:\Users\19253\Downloads\clcd_063proto_210114.cyprj.Archive01\clcd_063proto_210114.cydsn\CortexM4\ARM_GCC_541\Debug\clcd_063proto_210114.hex
Application checksum calculated and stored in ELF section .cychecksum
Checksum calculated and stored in ELF section .cymeta
"C:\Program Files (x86)\Cypress\PDL\3.1.5\tools\win\elf\cymcuelftool.exe" -A C:\Users\19253\Downloads\clcd_063proto_210114.cyprj.Archive01\clcd_063proto_210114.cydsn\CortexM4\ARM_GCC_541\Debug\clcd_063proto_210114.elf
code:43456	sram:2804
--------------- Build Succeeded: 03/22/2023 13:28:01 ---------------
